FlashPro
Version: 11.9.6.7
Release: v11.9 SP6

Software Version: 11.9.6.7
PDB file
'C:\Users\nikol\Documents\FinalYearProject\Final-Year-Project\FPGA\Current_Project\designer\imp\
l1\top.pdb' has been loaded successfully.
DESIGN : top;  CHECKSUM : 3020;  PDB_VERSION : 1.9
Driver : 3.0.0 build 1
programmer '84415' : FlashPro3
Opened
'C:\Users\nikol\Documents\FinalYearProject\Final-Year-Project\FPGA\Current_Project\designer\imp\
l1\top_fp\top.pro'
programmer '84415' : Scan Chain...
Warning: programmer '84415' : Vpump has been selected on programmer AND an externally provided
         Vpump has also been detected. Using externally provided Vpump voltage source.
programmer '84415' : Scan Chain PASSED.
programmer '84415' : Executing action PROGRAM
programmer '84415' : EXPORT FSN[48] = 01377840c859
programmer '84415' : Erase ...
programmer '84415' : Completed erase
programmer '84415' : EXPORT CHECKSUM[16] = 3020
programmer '84415' : Programming FPGA Array
programmer '84415' : Verifying FPGA Array
programmer '84415' :         Verifying FPGA Array -- pass
programmer '84415' : Finished: Mon May 15 18:37:37 2023 (Elapsed time 00:00:29)
programmer '84415' : Executing action PROGRAM PASSED.

                        o - o - o - o - o - o

programmer '84415' : Scan Chain...
Error: Vjtag is disconnected or shorted. Please check the FPGA's Vjtag pin is properly
       connected. Please check that the target board is powered.
Error: programmer '84415' : Scan Chain FAILED.
Error: Failed to run Action.
Project closed.
