 ** Message System Log
 ** Database: 
 ** Date:   Mon Apr 24 07:37:06 2023


****************
Macro Parameters
****************

Name                            : FIFO_INPUT_SAVE
Family                          : PA3LCLP
Output Format                   : VERILOG
Type                            : SOFTFIFO
Write Enable                    : Active High
Read Clock                      : Rising
Write Clock                     : Rising
Reset                           : Active Low
Read Enable                     : Active High
Write Depth                     : 4096
Write Width                     : 8
Read Depth                      : 4096
Read Width                      : 8
Almost Full                     : 65536
Almost Empty                    : 65536
Clocks                          : Single Read/Write Clock
AEFlag                          : None
AFFlag                          : None
Read Pipe Mode1                 : No Pipe
Optimized for                   : Power
Prevent Read When Empty         : Yes
Prevent Write When Full         : Yes
Write Acknowledge               : No
Data Valid                      : No
Overflow                        : No
Underflow                       : No
Read Data Count                 : Yes
Write Data Count                : No
Standalone Controller           : False
Initialize RAM                  : False
Portname DataIn                 : DATA
Portname DataOut                : Q
Portname AE Port                : AEVAL
Portname AF Port                : AFVAL
Portname Write En               : WE
Portname Read En                : RE
Portname WClock                 :
Portname RClock                 :
Portname AE Flag                : AEMPTY
Portname AF Flag                : AFULL
Portname Full Flag              : FULL
Portname Empty Flag             : EMPTY
Portname Reset                  : RESET
Portname Write Acknowledge      : WACK
Portname Data Valid             : DVLD
Portname Overflow               : OVERFLOW
Portname Underflow              : UNDERFLOW
Portname Read Count             : RDCNT
Portname Write Count            : WRCNT
Portname Memory Write Address   :
Portname Memory Read Address    :
Portname Memory Write Enable    :
Portname Memory Read Enable     :
Portname Clock                  : CLK

Cascade Configuration:
     Port A configuration       : 512x8
     Port B configuration       : 512x8
     Number of blocks depth wise: 8
     Number of blocks width wise: 1

**************
Compile Report
**************

Warning:  CMP503: Remapped 14 enable flip-flop(s) to a 2-tile implementation because the CLR/PRE pin on the enable flip-flop is not being driven by a global net.

Netlist Resource Report
=======================

    CORE                       Used:    505  Total:   6144   (8.22%)
    IO (W/ clocks)             Used:      0  Total:     68   (0.00%)
    GLOBAL (Chip+Quadrant)     Used:      0  Total:     18   (0.00%)
    PLL                        Used:      0  Total:      1   (0.00%)
    RAM/FIFO                   Used:      8  Total:      8   (100.00%)
    Low Static ICC             Used:      0  Total:      1   (0.00%)
    FlashROM                   Used:      0  Total:      1   (0.00%)
    User JTAG                  Used:      0  Total:      1   (0.00%)

Wrote Verilog netlist to C:/Users/nikol/Documents/FinalYearProject/Final-Year-Project/FPGA/Current_Project/smartgen\FIFO_INPUT_SAVE\FIFO_INPUT_SAVE.v.

 ** Log Ended:   Mon Apr 24 07:37:07 2023

