Target Part: AGLN250V2_VQFP100_STD
Report for cell top.verilog
  Core Cell usage:
              cell count     area count*area
              AND2   115      1.0      115.0
             AND2A     7      1.0        7.0
              AND3    27      1.0       27.0
               AO1   165      1.0      165.0
              AO13    10      1.0       10.0
              AO16     1      1.0        1.0
              AO18     1      1.0        1.0
              AO1A    38      1.0       38.0
              AO1B     9      1.0        9.0
              AO1C    23      1.0       23.0
              AO1D    12      1.0       12.0
              AOI1    11      1.0       11.0
             AOI1A     6      1.0        6.0
             AOI1B     2      1.0        2.0
               AX1    14      1.0       14.0
              AX1A     3      1.0        3.0
              AX1B    23      1.0       23.0
              AX1C    12      1.0       12.0
              AX1D     4      1.0        4.0
             AXOI2     8      1.0        8.0
             AXOI4     1      1.0        1.0
             AXOI5     1      1.0        1.0
              BUFF     5      1.0        5.0
            CLKINT     4      0.0        0.0
               GND    11      0.0        0.0
               INV    20      1.0       20.0
              MAJ3     1      1.0        1.0
               MX2   372      1.0      372.0
              MX2A    25      1.0       25.0
              MX2B    11      1.0       11.0
              MX2C     9      1.0        9.0
             NAND2     2      1.0        2.0
             NAND3     2      1.0        2.0
            NAND3A     6      1.0        6.0
            NAND3B     6      1.0        6.0
            NAND3C     2      1.0        2.0
              NOR2    84      1.0       84.0
             NOR2A   178      1.0      178.0
             NOR2B   235      1.0      235.0
              NOR3    27      1.0       27.0
             NOR3A    72      1.0       72.0
             NOR3B    67      1.0       67.0
             NOR3C   104      1.0      104.0
               OA1    20      1.0       20.0
              OA1A    34      1.0       34.0
              OA1B     2      1.0        2.0
              OA1C     2      1.0        2.0
              OAI1     2      1.0        2.0
               OR2   131      1.0      131.0
              OR2A    69      1.0       69.0
              OR2B    17      1.0       17.0
               OR3    96      1.0       96.0
              OR3A    20      1.0       20.0
              OR3B     3      1.0        3.0
              OR3C     2      1.0        2.0
               VCC    11      0.0        0.0
               XA1    26      1.0       26.0
              XA1A     8      1.0        8.0
              XA1B    22      1.0       22.0
              XA1C     6      1.0        6.0
             XAI1A     1      1.0        1.0
             XNOR2    70      1.0       70.0
             XNOR3     8      1.0        8.0
               XO1     3      1.0        3.0
              XO1A     6      1.0        6.0
              XOR2   196      1.0      196.0
              XOR3     1      1.0        1.0


            DFN1C0   116      1.0      116.0
          DFN1E0C0   154      1.0      154.0
          DFN1E0P0     4      1.0        4.0
            DFN1E1    21      1.0       21.0
          DFN1E1C0   227      1.0      227.0
          DFN1E1P0    12      1.0       12.0
            DFN1P0    10      1.0       10.0
            RAM4K9     8      0.0        0.0
                   -----          ----------
             TOTAL  3044              3010.0


  IO Cell usage:
              cell count
            CLKBUF     1
             INBUF     3
            OUTBUF     7
                   -----
             TOTAL    11


Core Cells         : 3010 of 6144 (49%)
IO Cells           : 11

  RAM/ROM Usage Summary
Block Rams : 8 of 8 (100%)

