
Starting:    C:\Microsemi\Libero_SoC_v11.9\SynplifyPro\bin64\mbin\synbatch.exe
Install:     C:\Microsemi\Libero_SoC_v11.9\SynplifyPro
Hostname:    XPS-NICK
Date:        Thu May 18 13:20:17 2023
Version:     L-2016.09M-SP1-5

Arguments:   -product synplify_pro -licensetype synplifypro_actel -batch -log synplify.log top_syn.tcl
ProductType: synplify_pro

License checkout: synplifypro_actel
License: synplifypro_actel node-locked 
Licensed Vendor: actel
License Option: actel_oem

Running in Vendor Mode


Warning: File already exists in project: "C:\Users\nikol\Documents\FinalYearProject\Final-Year-Project\FPGA\Current_Project\hdl\command_vars.v"
Warning: File already exists in project: "C:\Users\nikol\Documents\FinalYearProject\Final-Year-Project\FPGA\Current_Project\hdl\command_vars.v"
auto_infer_blackbox is not supported in current product.

log file: "C:\Users\nikol\Documents\FinalYearProject\Final-Year-Project\FPGA\Current_Project\synthesis\top.srr"

Running: synthesis in foreground



Running top_syn|synthesis


Running: compile (Compile) on top_syn|synthesis
# Thu May 18 13:20:17 2023


Running: compile_flow (Compile Process) on top_syn|synthesis
# Thu May 18 13:20:17 2023


Running: compiler (Compile Input) on top_syn|synthesis
# Thu May 18 13:20:17 2023

Copied C:\Users\nikol\Documents\FinalYearProject\Final-Year-Project\FPGA\Current_Project\synthesis\synwork\top_comp.srs to C:\Users\nikol\Documents\FinalYearProject\Final-Year-Project\FPGA\Current_Project\synthesis\top.srs


compiler completed
# Thu May 18 13:20:19 2023

Return Code: 0
Run Time:00h:00m:02s


Running: multi_srs_gen (Multi-srs Generator) on top_syn|synthesis
# Thu May 18 13:20:19 2023


multi_srs_gen completed
# Thu May 18 13:20:19 2023

Return Code: 0
Run Time:00h:00m:00s

Copied C:\Users\nikol\Documents\FinalYearProject\Final-Year-Project\FPGA\Current_Project\synthesis\synwork\top_mult.srs to C:\Users\nikol\Documents\FinalYearProject\Final-Year-Project\FPGA\Current_Project\synthesis\top.srs

Complete: Compile Process on top_syn|synthesis


Running: premap (Pre-mapping) on top_syn|synthesis
# Thu May 18 13:20:19 2023


premap completed with warnings
# Thu May 18 13:20:19 2023

Return Code: 1
Run Time:00h:00m:00s

Complete: Compile on top_syn|synthesis


Running: map (Map) on top_syn|synthesis
# Thu May 18 13:20:19 2023

License granted for 4 parallel jobs


Running: fpga_mapper (Map & Optimize) on top_syn|synthesis
# Thu May 18 13:20:19 2023

Copied C:\Users\nikol\Documents\FinalYearProject\Final-Year-Project\FPGA\Current_Project\synthesis\synwork\top_m.srm to C:\Users\nikol\Documents\FinalYearProject\Final-Year-Project\FPGA\Current_Project\synthesis\top.srm


fpga_mapper completed with warnings
# Thu May 18 13:20:25 2023

Return Code: 1
Run Time:00h:00m:06s

Complete: Map on top_syn|synthesis

Complete: Logic Synthesis on top_syn|synthesis

TCL script complete: "top_syn.tcl"

exit status=0

exit status=0

License checkin: synplifypro_actel

